<?xml version="1.0" encoding="UTF-8"?>
<testsuite name="Tests" tests="2" skipped="0" failures="0" errors="0" timestamp="2022-03-12T04:11:58" hostname="DESKTOP-AH9F0OG" time="0.005">
  <properties/>
  <testcase name="testSolution" classname="Tests" time="0.004"/>
  <testcase name="testReadingDatabase" classname="Tests" time="0.001"/>
  <system-out><![CDATA[]]></system-out>
  <system-err><![CDATA[]]></system-err>
</testsuite>
