<?xml version="1.0" encoding="UTF-8"?>
<testsuite name="Tests" tests="2" skipped="0" failures="0" errors="0" timestamp="2022-03-07T21:13:05" hostname="DESKTOP-AH9F0OG" time="0.003">
  <properties/>
  <testcase name="testSolution" classname="Tests" time="0.002"/>
  <testcase name="testReadingDatabase" classname="Tests" time="0.0"/>
  <system-out><![CDATA[]]></system-out>
  <system-err><![CDATA[]]></system-err>
</testsuite>
