<?xml version="1.0" encoding="UTF-8"?>
<testsuite name="TestShape" tests="2" skipped="0" failures="0" errors="0" timestamp="2022-02-10T20:50:39" hostname="DESKTOP-AH9F0OG" time="0.002">
  <properties/>
  <testcase name="testShapeConstructor" classname="TestShape" time="0.001"/>
  <testcase name="testShapeConstructorFunctionality" classname="TestShape" time="0.0"/>
  <system-out><![CDATA[]]></system-out>
  <system-err><![CDATA[]]></system-err>
</testsuite>
