<?xml version="1.0" encoding="UTF-8"?>
<testsuite name="Tests" tests="3" skipped="0" failures="0" errors="0" timestamp="2022-02-21T14:57:44" hostname="DESKTOP-AH9F0OG" time="0.001">
  <properties/>
  <testcase name="testMostFrequent" classname="Tests" time="0.001"/>
  <testcase name="testCount" classname="Tests" time="0.0"/>
  <testcase name="testUniqueWords" classname="Tests" time="0.0"/>
  <system-out><![CDATA[]]></system-out>
  <system-err><![CDATA[]]></system-err>
</testsuite>
