<?xml version="1.0" encoding="UTF-8"?>
<testsuite name="Tests" tests="4" skipped="0" failures="0" errors="0" timestamp="2022-02-21T14:57:11" hostname="DESKTOP-AH9F0OG" time="0.004">
  <properties/>
  <testcase name="testDeckIterator" classname="Tests" time="0.003"/>
  <testcase name="testCard" classname="Tests" time="0.0"/>
  <testcase name="testDeck" classname="Tests" time="0.0"/>
  <testcase name="testHand" classname="Tests" time="0.001"/>
  <system-out><![CDATA[]]></system-out>
  <system-err><![CDATA[]]></system-err>
</testsuite>
